<?xml version="1.0" encoding="UTF-8"?>
<testng-results ignored="0" total="1" passed="1" failed="0" skipped="0">
  <reporter-output>
  </reporter-output>
  <suite started-at="2021-11-06T00:27:23 CST" name="Default suite" finished-at="2021-11-06T00:28:01 CST" duration-ms="38097">
    <groups>
    </groups>
    <test started-at="2021-11-06T00:27:23 CST" name="Default test" finished-at="2021-11-06T00:28:01 CST" duration-ms="38097">
      <class name="saucedemoPage.Purchase_item">
        <test-method signature="testNGAsserts()[pri:0, instance:saucedemoPage.Purchase_item@78b66d36]" started-at="2021-11-06T00:27:23 CST" name="testNGAsserts" finished-at="2021-11-06T00:28:01 CST" duration-ms="38003" status="PASS">
          <reporter-output>
          </reporter-output>
        </test-method> <!-- testNGAsserts -->
      </class> <!-- saucedemoPage.Purchase_item -->
    </test> <!-- Default test -->
  </suite> <!-- Default suite -->
</testng-results>
