<?xml version="1.0" encoding="UTF-8"?>
<!-- Generated by org.testng.reporters.JUnitXMLReporter -->
<testsuite ignored="0" hostname="Zars" failures="0" tests="7" name="Test" time="182.434" errors="0" timestamp="2022-07-12T16:17:24 CDT">
  <testcase classname="saucedemoPage.AddIem" name="testNGAsserts" time="29.423"/>
  <testcase classname="saucedemoPage.Login_Fail" name="testNGAsserts" time="20.155"/>
  <testcase classname="saucedemoPage.Login" name="testNGAsserts" time="20.804"/>
  <testcase classname="saucedemoPage.AddItems" name="testNGAsserts" time="28.133"/>
  <testcase classname="saucedemoPage.SortByPrice" name="testNGAsserts" time="27.835"/>
  <testcase classname="saucedemoPage.Logout" name="testNGAsserts" time="23.574"/>
  <testcase classname="saucedemoPage.Purchase_item" name="testNGAsserts" time="32.322"/>
</testsuite> <!-- Test -->
